<?xml version="1.0" encoding="UTF-8"?>
<!-- Generated by org.testng.reporters.JUnitReportReporter -->
<testsuite hostname="Khosruz" failures="0" tests="1" name="com.SeleniumTest.Automation.AlertSelenium" time="13.532" errors="0" timestamp="2023-09-22T12:05:36 EDT" skipped="0">
  <testcase classname="com.SeleniumTest.Automation.AlertSelenium" name="basicAlert" time="13.532"/>
</testsuite> <!-- com.SeleniumTest.Automation.AlertSelenium -->
