<?xml version="1.0" encoding="UTF-8"?>
<!-- Generated by org.testng.reporters.JUnitReportReporter -->
<testsuite hostname="Khosruz" failures="0" tests="1" name="com.SeleniumTest.Automation.LOLL" time="12.298" errors="0" timestamp="2023-09-27T10:45:28 EDT" skipped="0">
  <testcase classname="com.SeleniumTest.Automation.LOLL" name="company" time="12.298"/>
</testsuite> <!-- com.SeleniumTest.Automation.LOLL -->
