<?xml version="1.0" encoding="UTF-8"?>
<!-- Generated by org.testng.reporters.JUnitReportReporter -->
<testsuite hostname="Khosruz" failures="0" tests="1" name="com.SeleniumTest.Automation.intt" time="18.558" errors="0" timestamp="2023-09-24T14:36:40 EDT" skipped="0">
  <testcase classname="com.SeleniumTest.Automation.intt" name="actionClassed" time="18.558"/>
</testsuite> <!-- com.SeleniumTest.Automation.intt -->
