<?xml version="1.0" encoding="UTF-8"?>
<!-- Generated by org.testng.reporters.JUnitReportReporter -->
<testsuite hostname="Khosruz" failures="0" tests="1" name="com.SeleniumTest.Automation.DynamicWebTable" time="5.182" errors="0" timestamp="2024-05-08T12:47:04 EDT" skipped="0">
  <testcase classname="com.SeleniumTest.Automation.DynamicWebTable" name="salarySortingTest" time="5.182"/>
</testsuite> <!-- com.SeleniumTest.Automation.DynamicWebTable -->
