<?xml version="1.0" encoding="UTF-8"?>
<!-- Generated by org.testng.reporters.JUnitReportReporter -->
<testsuite hostname="Khosruz" failures="0" tests="1" name="com.SeleniumTest.Automation.TestNG_DP" time="2.384" errors="0" timestamp="2023-09-15T16:44:38 EDT" skipped="0">
  <testcase classname="com.SeleniumTest.Automation.TestNG_DP" name="dataTable" time="2.384"/>
</testsuite> <!-- com.SeleniumTest.Automation.TestNG_DP -->
