<?xml version="1.0" encoding="UTF-8"?>
<!-- Generated by org.testng.reporters.JUnitReportReporter -->
<testsuite hostname="Khosruz" failures="0" tests="1" name="com.SeleniumTest.Automation.linn" time="1.648" errors="0" timestamp="2023-09-27T11:26:58 EDT" skipped="0">
  <testcase classname="com.SeleniumTest.Automation.linn" name="dataTable" time="1.648"/>
</testsuite> <!-- com.SeleniumTest.Automation.linn -->
